[debug] [2026-05-27T00:32:45.674Z] ----------------------------------------------------------------------
[debug] [2026-05-27T00:32:45.677Z] Command:       /nix/store/ws50yvm6vzlzf7jzz6n7xh4szddrack1-nodejs-20.19.1/bin/node /nix/store/gm9mcvzb17vv8cla08khrg29vxn3sq4r-firebase-tools-15.1.0/lib/node_modules/firebase-tools/lib/bin/firebase.js login:ci
[debug] [2026-05-27T00:32:45.678Z] CLI Version:   15.1.0
[debug] [2026-05-27T00:32:45.678Z] Platform:      linux
[debug] [2026-05-27T00:32:45.678Z] Node Version:  v20.19.1
[debug] [2026-05-27T00:32:45.679Z] Time:          Wed May 27 2026 00:32:45 GMT+0000 (Coordinated Universal Time)
[debug] [2026-05-27T00:32:45.679Z] ----------------------------------------------------------------------
[debug] 
[debug] [2026-05-27T00:32:46.247Z] Object "/hosting/frameworksBackend" in "firebase.json" has unknown property: {"additionalProperty":"entryPoint"}
[debug] [2026-05-27T00:32:46.247Z] Field "/hosting" in "firebase.json" is possibly invalid: must be array
[debug] [2026-05-27T00:32:46.247Z] Field "/hosting" in "firebase.json" is possibly invalid: must match a schema in anyOf
[debug] [2026-05-27T00:32:46.252Z] No OAuth tokens found
[debug] [2026-05-27T00:32:46.253Z] No OAuth tokens found
[error] Failed to fetch Firebase Project from current Studio Workspace: Unable to refresh auth: not yet authenticated.
[warn] ⚠  Authenticating with a `login:ci` token is deprecated and will be removed in a future major version of `firebase-tools`. Instead, use a service account key with `GOOGLE_APPLICATION_CREDENTIALS`: https://cloud.google.com/docs/authentication/getting-started 
[info] 
[info] Visit this URL on this device to log in:
[info] https://accounts.google.com/o/oauth2/auth?client_id=563584335869-fgrhgmd47bqnekij5i8b5pr03ho849e6.apps.googleusercontent.com&scope=email%20openid%20https%3A%2F%2Fwww.googleapis.com%2Fauth%2Fcloudplatformprojects.readonly%20https%3A%2F%2Fwww.googleapis.com%2Fauth%2Ffirebase%20https%3A%2F%2Fwww.googleapis.com%2Fauth%2Fcloud-platform&response_type=code&state=252339625&redirect_uri=http%3A%2F%2Flocalhost%3A9005
[info] 
[info] Waiting for authentication...
[debug] [2026-05-27T00:34:00.816Z] ----------------------------------------------------------------------
[debug] [2026-05-27T00:34:00.820Z] Command:       /nix/store/ws50yvm6vzlzf7jzz6n7xh4szddrack1-nodejs-20.19.1/bin/node /nix/store/gm9mcvzb17vv8cla08khrg29vxn3sq4r-firebase-tools-15.1.0/lib/node_modules/firebase-tools/lib/bin/firebase.js login:ci
[debug] [2026-05-27T00:34:00.822Z] CLI Version:   15.1.0
[debug] [2026-05-27T00:34:00.822Z] Platform:      linux
[debug] [2026-05-27T00:34:00.822Z] Node Version:  v20.19.1
[debug] [2026-05-27T00:34:00.823Z] Time:          Wed May 27 2026 00:34:00 GMT+0000 (Coordinated Universal Time)
[debug] [2026-05-27T00:34:00.823Z] ----------------------------------------------------------------------
[debug] 
[debug] [2026-05-27T00:34:01.479Z] Object "/hosting/frameworksBackend" in "firebase.json" has unknown property: {"additionalProperty":"entryPoint"}
[debug] [2026-05-27T00:34:01.479Z] Field "/hosting" in "firebase.json" is possibly invalid: must be array
[debug] [2026-05-27T00:34:01.480Z] Field "/hosting" in "firebase.json" is possibly invalid: must match a schema in anyOf
[debug] [2026-05-27T00:34:01.483Z] No OAuth tokens found
[debug] [2026-05-27T00:34:01.484Z] No OAuth tokens found
[error] Failed to fetch Firebase Project from current Studio Workspace: Unable to refresh auth: not yet authenticated.
[warn] ⚠  Authenticating with a `login:ci` token is deprecated and will be removed in a future major version of `firebase-tools`. Instead, use a service account key with `GOOGLE_APPLICATION_CREDENTIALS`: https://cloud.google.com/docs/authentication/getting-started 
[info] 
[info] Visit this URL on this device to log in:
[info] https://accounts.google.com/o/oauth2/auth?client_id=563584335869-fgrhgmd47bqnekij5i8b5pr03ho849e6.apps.googleusercontent.com&scope=email%20openid%20https%3A%2F%2Fwww.googleapis.com%2Fauth%2Fcloudplatformprojects.readonly%20https%3A%2F%2Fwww.googleapis.com%2Fauth%2Ffirebase%20https%3A%2F%2Fwww.googleapis.com%2Fauth%2Fcloud-platform&response_type=code&state=1042814001&redirect_uri=http%3A%2F%2Flocalhost%3A9005
[info] 
[info] Waiting for authentication...
[debug] [2026-05-27T00:43:17.384Z] ----------------------------------------------------------------------
[debug] [2026-05-27T00:43:17.387Z] Command:       /nix/store/ws50yvm6vzlzf7jzz6n7xh4szddrack1-nodejs-20.19.1/bin/node /nix/store/gm9mcvzb17vv8cla08khrg29vxn3sq4r-firebase-tools-15.1.0/lib/node_modules/firebase-tools/lib/bin/firebase.js deploy --only hosting
[debug] [2026-05-27T00:43:17.388Z] CLI Version:   15.1.0
[debug] [2026-05-27T00:43:17.388Z] Platform:      linux
[debug] [2026-05-27T00:43:17.388Z] Node Version:  v20.19.1
[debug] [2026-05-27T00:43:17.389Z] Time:          Wed May 27 2026 00:43:17 GMT+0000 (Coordinated Universal Time)
[debug] [2026-05-27T00:43:17.389Z] ----------------------------------------------------------------------
[debug] 
[debug] [2026-05-27T00:43:21.297Z] Field "/hosting" in "firebase.json" is possibly invalid: must be object
[debug] [2026-05-27T00:43:21.298Z] Object "/hosting/0" in "firebase.json" is missing required property: {"missingProperty":"target"}
[debug] [2026-05-27T00:43:21.298Z] Object "/hosting/0" in "firebase.json" is missing required property: {"missingProperty":"site"}
[debug] [2026-05-27T00:43:21.298Z] Field "/hosting/0" in "firebase.json" is possibly invalid: must match a schema in anyOf
[debug] [2026-05-27T00:43:21.299Z] Field "/hosting" in "firebase.json" is possibly invalid: must match a schema in anyOf
[debug] [2026-05-27T00:43:21.302Z] No OAuth tokens found
[debug] [2026-05-27T00:43:21.302Z] No OAuth tokens found
[error] Failed to fetch Firebase Project from current Studio Workspace: Unable to refresh auth: not yet authenticated.
[debug] [2026-05-27T00:43:21.308Z] > command requires scopes: ["email","openid","https://www.googleapis.com/auth/cloudplatformprojects.readonly","https://www.googleapis.com/auth/firebase","https://www.googleapis.com/auth/cloud-platform","https://www.googleapis.com/auth/userinfo.email"]
[debug] [2026-05-27T00:43:21.309Z] > authorizing via signed-in user (inaciooofc@gmail.com)
[debug] [2026-05-27T00:43:21.309Z] [iam] checking project reposerver-47253482-31ab9 for permissions ["firebase.projects.get","firebasehosting.sites.update"]
[debug] [2026-05-27T00:43:21.310Z] No OAuth tokens found
[debug] [2026-05-27T00:43:21.310Z] No OAuth tokens found
[debug] [2026-05-27T00:43:21.310Z] > command requires scopes: ["email","openid","https://www.googleapis.com/auth/cloudplatformprojects.readonly","https://www.googleapis.com/auth/firebase","https://www.googleapis.com/auth/cloud-platform","https://www.googleapis.com/auth/userinfo.email"]
[debug] [2026-05-27T00:43:21.310Z] > authorizing via signed-in user (inaciooofc@gmail.com)
[debug] [2026-05-27T00:43:21.312Z] >>> [apiv2][query] POST https://cloudresourcemanager.googleapis.com/v1/projects/reposerver-47253482-31ab9:testIamPermissions [none]
[debug] [2026-05-27T00:43:21.312Z] >>> [apiv2][(partial)header] POST https://cloudresourcemanager.googleapis.com/v1/projects/reposerver-47253482-31ab9:testIamPermissions x-goog-quota-user=projects/reposerver-47253482-31ab9
[debug] [2026-05-27T00:43:21.313Z] >>> [apiv2][body] POST https://cloudresourcemanager.googleapis.com/v1/projects/reposerver-47253482-31ab9:testIamPermissions {"permissions":["firebase.projects.get","firebasehosting.sites.update"]}
[debug] [2026-05-27T00:43:21.448Z] <<< [apiv2][status] POST https://cloudresourcemanager.googleapis.com/v1/projects/reposerver-47253482-31ab9:testIamPermissions 200
[debug] [2026-05-27T00:43:21.449Z] <<< [apiv2][body] POST https://cloudresourcemanager.googleapis.com/v1/projects/reposerver-47253482-31ab9:testIamPermissions {"permissions":["firebase.projects.get","firebasehosting.sites.update"]}
[debug] [2026-05-27T00:43:21.450Z] No OAuth tokens found
[debug] [2026-05-27T00:43:21.450Z] No OAuth tokens found
[debug] [2026-05-27T00:43:21.451Z] > command requires scopes: ["email","openid","https://www.googleapis.com/auth/cloudplatformprojects.readonly","https://www.googleapis.com/auth/firebase","https://www.googleapis.com/auth/cloud-platform","https://www.googleapis.com/auth/userinfo.email"]
[debug] [2026-05-27T00:43:21.451Z] > authorizing via signed-in user (inaciooofc@gmail.com)
[debug] [2026-05-27T00:43:21.451Z] >>> [apiv2][query] GET https://firebase.googleapis.com/v1beta1/projects/reposerver-47253482-31ab9 [none]
[debug] [2026-05-27T00:43:21.722Z] <<< [apiv2][status] GET https://firebase.googleapis.com/v1beta1/projects/reposerver-47253482-31ab9 200
[debug] [2026-05-27T00:43:21.723Z] <<< [apiv2][body] GET https://firebase.googleapis.com/v1beta1/projects/reposerver-47253482-31ab9 {"projectId":"reposerver-47253482-31ab9","projectNumber":"679928726056","displayName":"Firebase app","name":"projects/reposerver-47253482-31ab9","resources":{"hostingSite":"reposerver-47253482-31ab9"},"state":"ACTIVE","etag":"1_295b5228-ad26-44b2-9f36-a12d29138102"}
[error] 
[error] Error: Assertion failed: resolving hosting target of a site with no site name or target name. This should have caused an error earlier
[debug] [2026-05-27T00:50:23.322Z] >>> [apiv2][query] POST https://auth.firebase.tools/attest [none]
[debug] [2026-05-27T00:50:23.329Z] >>> [apiv2][body] POST https://auth.firebase.tools/attest {"session_id":"8ef38edc-46db-4abc-a8bd-ab3cbb5206a7"}
[debug] [2026-05-27T00:50:23.861Z] <<< [apiv2][status] POST https://auth.firebase.tools/attest 200
[debug] [2026-05-27T00:50:23.865Z] <<< [apiv2][body] POST https://auth.firebase.tools/attest {"token":"W-CXlO_g1dcHqDYUhtW0aghBXeIq2-mayt1brLibAh8"}
[info] 
[info] To sign in to the Firebase CLI:
[info] 
[info] 1. Take note of your session ID:
[info] 
[info]    8EF38
[info] 
[info] 2. Visit the URL below on any device and follow the instructions to get your code:
[info] 
[info]    https://auth.firebase.tools/login?code_challenge=RUoXeklmojQgqgb5-ybwX0Ba9gq1fraZEYtcBTvGyUs&session=8ef38edc-46db-4abc-a8bd-ab3cbb5206a7&attest=W-CXlO_g1dcHqDYUhtW0aghBXeIq2-mayt1brLibAh8
[info] 
[info] 3. Paste or enter the authorization code below once you have it:
[info] 
